<?xml version="1.0" encoding="UTF-8"?>
<coverage generated="1572112439156" clover="3.2.0">
  <project timestamp="1572112439156" name="All files">
    <metrics statements="41" coveredstatements="39" conditionals="2" coveredconditionals="1" methods="21" coveredmethods="19" elements="64" coveredelements="59" complexity="0" loc="41" ncloc="41" packages="4" files="15" classes="15"/>
    <package name="Screens">
      <metrics statements="9" coveredstatements="9" conditionals="0" coveredconditionals="0" methods="9" coveredmethods="9"/>
      <file name="EmployerAccountScreen.tsx" path="/Users/sammy/Documents/Medy/Medy/src/UI/Screens/EmployerAccountScreen.tsx">
        <metrics statements="1" coveredstatements="1" conditionals="0" coveredconditionals="0" methods="1" coveredmethods="1"/>
        <line num="9" count="3" type="stmt"/>
      </file>
      <file name="EmployerCalenderScreen.tsx" path="/Users/sammy/Documents/Medy/Medy/src/UI/Screens/EmployerCalenderScreen.tsx">
        <metrics statements="1" coveredstatements="1" conditionals="0" coveredconditionals="0" methods="1" coveredmethods="1"/>
        <line num="7" count="3" type="stmt"/>
      </file>
      <file name="EmployerFinderScreen.tsx" path="/Users/sammy/Documents/Medy/Medy/src/UI/Screens/EmployerFinderScreen.tsx">
        <metrics statements="1" coveredstatements="1" conditionals="0" coveredconditionals="0" methods="1" coveredmethods="1"/>
        <line num="8" count="2" type="stmt"/>
      </file>
      <file name="EmployerHelpScreen.tsx" path="/Users/sammy/Documents/Medy/Medy/src/UI/Screens/EmployerHelpScreen.tsx">
        <metrics statements="1" coveredstatements="1" conditionals="0" coveredconditionals="0" methods="1" coveredmethods="1"/>
        <line num="7" count="3" type="stmt"/>
      </file>
      <file name="EmployerHistoryScreen.tsx" path="/Users/sammy/Documents/Medy/Medy/src/UI/Screens/EmployerHistoryScreen.tsx">
        <metrics statements="1" coveredstatements="1" conditionals="0" coveredconditionals="0" methods="1" coveredmethods="1"/>
        <line num="9" count="3" type="stmt"/>
      </file>
      <file name="EmployerMoreScreen.tsx" path="/Users/sammy/Documents/Medy/Medy/src/UI/Screens/EmployerMoreScreen.tsx">
        <metrics statements="1" coveredstatements="1" conditionals="0" coveredconditionals="0" methods="1" coveredmethods="1"/>
        <line num="7" count="3" type="stmt"/>
      </file>
      <file name="EmployerPostingsScreen.tsx" path="/Users/sammy/Documents/Medy/Medy/src/UI/Screens/EmployerPostingsScreen.tsx">
        <metrics statements="1" coveredstatements="1" conditionals="0" coveredconditionals="0" methods="1" coveredmethods="1"/>
        <line num="7" count="3" type="stmt"/>
      </file>
      <file name="EmployerProfileScreen.tsx" path="/Users/sammy/Documents/Medy/Medy/src/UI/Screens/EmployerProfileScreen.tsx">
        <metrics statements="1" coveredstatements="1" conditionals="0" coveredconditionals="0" methods="1" coveredmethods="1"/>
        <line num="9" count="3" type="stmt"/>
      </file>
      <file name="EmployerSettingsScreen.tsx" path="/Users/sammy/Documents/Medy/Medy/src/UI/Screens/EmployerSettingsScreen.tsx">
        <metrics statements="1" coveredstatements="1" conditionals="0" coveredconditionals="0" methods="1" coveredmethods="1"/>
        <line num="9" count="3" type="stmt"/>
      </file>
    </package>
    <package name="Shared">
      <metrics statements="18" coveredstatements="18" conditionals="0" coveredconditionals="0" methods="3" coveredmethods="3"/>
      <file name="horizontal-scroll.tsx" path="/Users/sammy/Documents/Medy/Medy/src/UI/Shared/horizontal-scroll.tsx">
        <metrics statements="3" coveredstatements="3" conditionals="0" coveredconditionals="0" methods="3" coveredmethods="3"/>
        <line num="13" count="3" type="stmt"/>
        <line num="14" count="15" type="stmt"/>
        <line num="25" count="3" type="stmt"/>
      </file>
      <file name="styles.tsx" path="/Users/sammy/Documents/Medy/Medy/src/UI/Shared/styles.tsx">
        <metrics statements="15" coveredstatements="15" conditionals="0" coveredconditionals="0" methods="0" coveredmethods="0"/>
        <line num="3" count="10" type="stmt"/>
        <line num="4" count="10" type="stmt"/>
        <line num="6" count="10" type="stmt"/>
        <line num="12" count="10" type="stmt"/>
        <line num="17" count="10" type="stmt"/>
        <line num="23" count="10" type="stmt"/>
        <line num="32" count="10" type="stmt"/>
        <line num="43" count="10" type="stmt"/>
        <line num="57" count="10" type="stmt"/>
        <line num="69" count="10" type="stmt"/>
        <line num="81" count="10" type="stmt"/>
        <line num="86" count="10" type="stmt"/>
        <line num="95" count="10" type="stmt"/>
        <line num="99" count="10" type="stmt"/>
        <line num="104" count="10" type="stmt"/>
      </file>
    </package>
    <package name="Shared.Accordion">
      <metrics statements="13" coveredstatements="11" conditionals="2" coveredconditionals="1" methods="8" coveredmethods="6"/>
      <file name="accordion-schemas.tsx" path="/Users/sammy/Documents/Medy/Medy/src/UI/Shared/Accordion/accordion-schemas.tsx">
        <metrics statements="4" coveredstatements="4" conditionals="0" coveredconditionals="0" methods="0" coveredmethods="0"/>
        <line num="26" count="4" type="stmt"/>
        <line num="32" count="4" type="stmt"/>
        <line num="37" count="4" type="stmt"/>
        <line num="43" count="4" type="stmt"/>
      </file>
      <file name="accordion-section.tsx" path="/Users/sammy/Documents/Medy/Medy/src/UI/Shared/Accordion/accordion-section.tsx">
        <metrics statements="5" coveredstatements="4" conditionals="2" coveredconditionals="1" methods="4" coveredmethods="3"/>
        <line num="20" count="39" type="stmt"/>
        <line num="21" count="39" type="stmt"/>
        <line num="26" count="39" type="stmt"/>
        <line num="27" count="0" type="stmt"/>
        <line num="33" count="39" type="stmt"/>
      </file>
      <file name="accordion.tsx" path="/Users/sammy/Documents/Medy/Medy/src/UI/Shared/Accordion/accordion.tsx">
        <metrics statements="4" coveredstatements="3" conditionals="0" coveredconditionals="0" methods="4" coveredmethods="3"/>
        <line num="12" count="0" type="stmt"/>
        <line num="17" count="12" type="stmt"/>
        <line num="18" count="39" type="stmt"/>
        <line num="33" count="12" type="stmt"/>
      </file>
    </package>
    <package name="Shared.Cards">
      <metrics statements="1" coveredstatements="1" conditionals="0" coveredconditionals="0" methods="1" coveredmethods="1"/>
      <file name="Cards.tsx" path="/Users/sammy/Documents/Medy/Medy/src/UI/Shared/Cards/Cards.tsx">
        <metrics statements="1" coveredstatements="1" conditionals="0" coveredconditionals="0" methods="1" coveredmethods="1"/>
        <line num="14" count="15" type="stmt"/>
      </file>
    </package>
  </project>
</coverage>
