<?xml version="1.0" encoding="UTF-8"?>
<coverage generated="1571553613524" clover="3.2.0">
  <project timestamp="1571553613524" name="All files">
    <metrics statements="16" coveredstatements="16" conditionals="0" coveredconditionals="0" methods="4" coveredmethods="4" elements="20" coveredelements="20" complexity="0" loc="16" ncloc="16" packages="2" files="3" classes="3"/>
    <package name="Screens">
      <metrics statements="1" coveredstatements="1" conditionals="0" coveredconditionals="0" methods="1" coveredmethods="1"/>
      <file name="EmployerAccountScreen.tsx" path="/Users/sammy/Documents/Medy/Medy/src/UI/Screens/EmployerAccountScreen.tsx">
        <metrics statements="1" coveredstatements="1" conditionals="0" coveredconditionals="0" methods="1" coveredmethods="1"/>
        <line num="8" count="1" type="stmt"/>
      </file>
    </package>
    <package name="Shared">
      <metrics statements="15" coveredstatements="15" conditionals="0" coveredconditionals="0" methods="3" coveredmethods="3"/>
      <file name="horizontal-scroll.tsx" path="/Users/sammy/Documents/Medy/Medy/src/UI/Shared/horizontal-scroll.tsx">
        <metrics statements="5" coveredstatements="5" conditionals="0" coveredconditionals="0" methods="3" coveredmethods="3"/>
        <line num="5" count="1" type="stmt"/>
        <line num="8" count="1" type="stmt"/>
        <line num="9" count="1" type="stmt"/>
        <line num="10" count="4" type="stmt"/>
        <line num="21" count="1" type="stmt"/>
      </file>
      <file name="styles.tsx" path="/Users/sammy/Documents/Medy/Medy/src/UI/Shared/styles.tsx">
        <metrics statements="10" coveredstatements="10" conditionals="0" coveredconditionals="0" methods="0" coveredmethods="0"/>
        <line num="3" count="2" type="stmt"/>
        <line num="4" count="2" type="stmt"/>
        <line num="6" count="2" type="stmt"/>
        <line num="12" count="2" type="stmt"/>
        <line num="17" count="2" type="stmt"/>
        <line num="23" count="2" type="stmt"/>
        <line num="32" count="2" type="stmt"/>
        <line num="43" count="2" type="stmt"/>
        <line num="57" count="2" type="stmt"/>
        <line num="69" count="2" type="stmt"/>
      </file>
    </package>
  </project>
</coverage>
