{"/Users/sammy/Documents/Medy/Medy/src/UI/Screens/EmployerAccountScreen.tsx": {"path":"/Users/sammy/Documents/Medy/Medy/src/UI/Screens/EmployerAccountScreen.tsx","statementMap":{"0":{"start":{"line":9,"column":4},"end":{"line":20,"column":6}}},"fnMap":{"0":{"name":"(anonymous_0)","decl":{"start":{"line":8,"column":2},"end":{"line":8,"column":3}},"loc":{"start":{"line":8,"column":11},"end":{"line":21,"column":3}},"line":8}},"branchMap":{},"s":{"0":3},"f":{"0":3},"b":{},"_coverageSchema":"43e27e138ebf9cfc5966b082cf9a028302ed4184","hash":"301c8093fd4e37ef8b0754802afd2f2e674228ee"}
,"/Users/sammy/Documents/Medy/Medy/src/UI/Screens/EmployerCalenderScreen.tsx": {"path":"/Users/sammy/Documents/Medy/Medy/src/UI/Screens/EmployerCalenderScreen.tsx","statementMap":{"0":{"start":{"line":7,"column":4},"end":{"line":14,"column":6}}},"fnMap":{"0":{"name":"(anonymous_0)","decl":{"start":{"line":6,"column":2},"end":{"line":6,"column":3}},"loc":{"start":{"line":6,"column":11},"end":{"line":15,"column":3}},"line":6}},"branchMap":{},"s":{"0":3},"f":{"0":3},"b":{},"_coverageSchema":"43e27e138ebf9cfc5966b082cf9a028302ed4184","hash":"acee64bf898bd2d7393e2456295d452abb1b5895"}
,"/Users/sammy/Documents/Medy/Medy/src/UI/Screens/EmployerFinderScreen.tsx": {"path":"/Users/sammy/Documents/Medy/Medy/src/UI/Screens/EmployerFinderScreen.tsx","statementMap":{"0":{"start":{"line":8,"column":4},"end":{"line":21,"column":6}}},"fnMap":{"0":{"name":"(anonymous_0)","decl":{"start":{"line":7,"column":2},"end":{"line":7,"column":3}},"loc":{"start":{"line":7,"column":11},"end":{"line":22,"column":3}},"line":7}},"branchMap":{},"s":{"0":2},"f":{"0":2},"b":{},"_coverageSchema":"43e27e138ebf9cfc5966b082cf9a028302ed4184","hash":"a16a5f7aba66f0813c40f17c90ec978e84c68748"}
,"/Users/sammy/Documents/Medy/Medy/src/UI/Screens/EmployerHelpScreen.tsx": {"path":"/Users/sammy/Documents/Medy/Medy/src/UI/Screens/EmployerHelpScreen.tsx","statementMap":{"0":{"start":{"line":7,"column":4},"end":{"line":14,"column":6}}},"fnMap":{"0":{"name":"(anonymous_0)","decl":{"start":{"line":6,"column":2},"end":{"line":6,"column":3}},"loc":{"start":{"line":6,"column":11},"end":{"line":15,"column":3}},"line":6}},"branchMap":{},"s":{"0":3},"f":{"0":3},"b":{},"_coverageSchema":"43e27e138ebf9cfc5966b082cf9a028302ed4184","hash":"e500bc5de3ba8dae46a09ea8a841ea1cdd142a40"}
,"/Users/sammy/Documents/Medy/Medy/src/UI/Screens/EmployerHistoryScreen.tsx": {"path":"/Users/sammy/Documents/Medy/Medy/src/UI/Screens/EmployerHistoryScreen.tsx","statementMap":{"0":{"start":{"line":9,"column":4},"end":{"line":20,"column":6}}},"fnMap":{"0":{"name":"(anonymous_0)","decl":{"start":{"line":8,"column":2},"end":{"line":8,"column":3}},"loc":{"start":{"line":8,"column":11},"end":{"line":21,"column":3}},"line":8}},"branchMap":{},"s":{"0":3},"f":{"0":3},"b":{},"_coverageSchema":"43e27e138ebf9cfc5966b082cf9a028302ed4184","hash":"dd17a6e734d72c65f86acc331288be65b36468c7"}
,"/Users/sammy/Documents/Medy/Medy/src/UI/Screens/EmployerMoreScreen.tsx": {"path":"/Users/sammy/Documents/Medy/Medy/src/UI/Screens/EmployerMoreScreen.tsx","statementMap":{"0":{"start":{"line":7,"column":4},"end":{"line":14,"column":6}}},"fnMap":{"0":{"name":"(anonymous_0)","decl":{"start":{"line":6,"column":2},"end":{"line":6,"column":3}},"loc":{"start":{"line":6,"column":11},"end":{"line":15,"column":3}},"line":6}},"branchMap":{},"s":{"0":3},"f":{"0":3},"b":{},"_coverageSchema":"43e27e138ebf9cfc5966b082cf9a028302ed4184","hash":"ec46a95d2b37d9dfcf41249132c6ea06bfbd4af9"}
,"/Users/sammy/Documents/Medy/Medy/src/UI/Screens/EmployerPostingsScreen.tsx": {"path":"/Users/sammy/Documents/Medy/Medy/src/UI/Screens/EmployerPostingsScreen.tsx","statementMap":{"0":{"start":{"line":7,"column":4},"end":{"line":14,"column":6}}},"fnMap":{"0":{"name":"(anonymous_0)","decl":{"start":{"line":6,"column":2},"end":{"line":6,"column":3}},"loc":{"start":{"line":6,"column":11},"end":{"line":15,"column":3}},"line":6}},"branchMap":{},"s":{"0":3},"f":{"0":3},"b":{},"_coverageSchema":"43e27e138ebf9cfc5966b082cf9a028302ed4184","hash":"084c67a7d9d8bf5001bee418ccdc95a6e80fd6c4"}
,"/Users/sammy/Documents/Medy/Medy/src/UI/Screens/EmployerProfileScreen.tsx": {"path":"/Users/sammy/Documents/Medy/Medy/src/UI/Screens/EmployerProfileScreen.tsx","statementMap":{"0":{"start":{"line":9,"column":4},"end":{"line":20,"column":6}}},"fnMap":{"0":{"name":"(anonymous_0)","decl":{"start":{"line":8,"column":2},"end":{"line":8,"column":3}},"loc":{"start":{"line":8,"column":11},"end":{"line":21,"column":3}},"line":8}},"branchMap":{},"s":{"0":3},"f":{"0":3},"b":{},"_coverageSchema":"43e27e138ebf9cfc5966b082cf9a028302ed4184","hash":"4a13774a25c9e541b28507a60fb6bcd869b23565"}
,"/Users/sammy/Documents/Medy/Medy/src/UI/Screens/EmployerSettingsScreen.tsx": {"path":"/Users/sammy/Documents/Medy/Medy/src/UI/Screens/EmployerSettingsScreen.tsx","statementMap":{"0":{"start":{"line":9,"column":4},"end":{"line":20,"column":6}}},"fnMap":{"0":{"name":"(anonymous_0)","decl":{"start":{"line":8,"column":2},"end":{"line":8,"column":3}},"loc":{"start":{"line":8,"column":11},"end":{"line":21,"column":3}},"line":8}},"branchMap":{},"s":{"0":3},"f":{"0":3},"b":{},"_coverageSchema":"43e27e138ebf9cfc5966b082cf9a028302ed4184","hash":"27562a2349b6e3b179ae11fd015d1d541dd1cf07"}
,"/Users/sammy/Documents/Medy/Medy/src/UI/Shared/Card.tsx": {"path":"/Users/sammy/Documents/Medy/Medy/src/UI/Shared/Card.tsx","statementMap":{"0":{"start":{"line":14,"column":4},"end":{"line":21,"column":6}}},"fnMap":{"0":{"name":"(anonymous_0)","decl":{"start":{"line":13,"column":2},"end":{"line":13,"column":3}},"loc":{"start":{"line":13,"column":11},"end":{"line":22,"column":3}},"line":13}},"branchMap":{},"s":{"0":30},"f":{"0":30},"b":{},"_coverageSchema":"43e27e138ebf9cfc5966b082cf9a028302ed4184","hash":"c8198982f08eaba2761eafe7441fc3b07caa45cd"}
,"/Users/sammy/Documents/Medy/Medy/src/UI/Shared/horizontal-scroll.tsx": {"path":"/Users/sammy/Documents/Medy/Medy/src/UI/Shared/horizontal-scroll.tsx","statementMap":{"0":{"start":{"line":13,"column":4},"end":{"line":21,"column":7}},"1":{"start":{"line":14,"column":6},"end":{"line":20,"column":8}},"2":{"start":{"line":25,"column":4},"end":{"line":49,"column":6}}},"fnMap":{"0":{"name":"(anonymous_0)","decl":{"start":{"line":12,"column":2},"end":{"line":12,"column":3}},"loc":{"start":{"line":12,"column":44},"end":{"line":22,"column":3}},"line":12},"1":{"name":"(anonymous_1)","decl":{"start":{"line":13,"column":27},"end":{"line":13,"column":28}},"loc":{"start":{"line":13,"column":38},"end":{"line":21,"column":5}},"line":13},"2":{"name":"(anonymous_2)","decl":{"start":{"line":24,"column":2},"end":{"line":24,"column":3}},"loc":{"start":{"line":24,"column":11},"end":{"line":50,"column":3}},"line":24}},"branchMap":{},"s":{"0":5,"1":25,"2":5},"f":{"0":5,"1":25,"2":5},"b":{},"_coverageSchema":"43e27e138ebf9cfc5966b082cf9a028302ed4184","hash":"a688c60252cf7a4013741b97e0b30cf6428e0922"}
,"/Users/sammy/Documents/Medy/Medy/src/UI/Shared/styles.ts": {"path":"/Users/sammy/Documents/Medy/Medy/src/UI/Shared/styles.ts","statementMap":{"0":{"start":{"line":3,"column":21},"end":{"line":3,"column":51}},"1":{"start":{"line":4,"column":22},"end":{"line":4,"column":53}},"2":{"start":{"line":6,"column":45},"end":{"line":10,"column":1}},"3":{"start":{"line":12,"column":46},"end":{"line":15,"column":1}},"4":{"start":{"line":17,"column":30},"end":{"line":21,"column":1}},"5":{"start":{"line":23,"column":29},"end":{"line":30,"column":1}},"6":{"start":{"line":32,"column":41},"end":{"line":41,"column":1}},"7":{"start":{"line":43,"column":42},"end":{"line":55,"column":1}},"8":{"start":{"line":57,"column":41},"end":{"line":67,"column":1}},"9":{"start":{"line":69,"column":43},"end":{"line":79,"column":1}},"10":{"start":{"line":81,"column":41},"end":{"line":84,"column":1}},"11":{"start":{"line":86,"column":41},"end":{"line":93,"column":1}},"12":{"start":{"line":95,"column":33},"end":{"line":97,"column":1}},"13":{"start":{"line":99,"column":35},"end":{"line":102,"column":1}},"14":{"start":{"line":104,"column":22},"end":{"line":117,"column":2}}},"fnMap":{},"branchMap":{},"s":{"0":12,"1":12,"2":12,"3":12,"4":12,"5":12,"6":12,"7":12,"8":12,"9":12,"10":12,"11":12,"12":12,"13":12,"14":12},"f":{},"b":{},"_coverageSchema":"43e27e138ebf9cfc5966b082cf9a028302ed4184","hash":"82d9380fed66d43d91a92b2034a0790648088279"}
,"/Users/sammy/Documents/Medy/Medy/src/UI/Shared/Accordion/accordion-schemas.ts": {"path":"/Users/sammy/Documents/Medy/Medy/src/UI/Shared/Accordion/accordion-schemas.ts","statementMap":{"0":{"start":{"line":26,"column":30},"end":{"line":30,"column":1}},"1":{"start":{"line":32,"column":30},"end":{"line":36,"column":1}},"2":{"start":{"line":37,"column":31},"end":{"line":42,"column":1}},"3":{"start":{"line":43,"column":30},"end":{"line":47,"column":1}}},"fnMap":{},"branchMap":{},"s":{"0":4,"1":4,"2":4,"3":4},"f":{},"b":{},"_coverageSchema":"43e27e138ebf9cfc5966b082cf9a028302ed4184","hash":"c1e05945ab665c111cf81c8d0224c16a0baded03"}
,"/Users/sammy/Documents/Medy/Medy/src/UI/Shared/Accordion/accordion-section.tsx": {"path":"/Users/sammy/Documents/Medy/Medy/src/UI/Shared/Accordion/accordion-section.tsx","statementMap":{"0":{"start":{"line":30,"column":4},"end":{"line":30,"column":17}},"1":{"start":{"line":31,"column":4},"end":{"line":33,"column":6}},"2":{"start":{"line":36,"column":16},"end":{"line":40,"column":3}},"3":{"start":{"line":36,"column":22},"end":{"line":40,"column":3}},"4":{"start":{"line":37,"column":4},"end":{"line":39,"column":7}},"5":{"start":{"line":43,"column":4},"end":{"line":56,"column":6}}},"fnMap":{"0":{"name":"(anonymous_0)","decl":{"start":{"line":29,"column":2},"end":{"line":29,"column":3}},"loc":{"start":{"line":29,"column":45},"end":{"line":34,"column":3}},"line":29},"1":{"name":"(anonymous_1)","decl":{"start":{"line":36,"column":16},"end":{"line":36,"column":17}},"loc":{"start":{"line":36,"column":22},"end":{"line":40,"column":3}},"line":36},"2":{"name":"(anonymous_2)","decl":{"start":{"line":36,"column":22},"end":{"line":36,"column":23}},"loc":{"start":{"line":36,"column":28},"end":{"line":40,"column":3}},"line":36},"3":{"name":"(anonymous_3)","decl":{"start":{"line":42,"column":2},"end":{"line":42,"column":3}},"loc":{"start":{"line":42,"column":11},"end":{"line":57,"column":3}},"line":42}},"branchMap":{"0":{"loc":{"start":{"line":50,"column":12},"end":{"line":50,"column":77}},"type":"cond-expr","locations":[{"start":{"line":50,"column":32},"end":{"line":50,"column":52}},{"start":{"line":50,"column":55},"end":{"line":50,"column":77}}],"line":50}},"s":{"0":54,"1":54,"2":54,"3":54,"4":0,"5":54},"f":{"0":54,"1":54,"2":0,"3":54},"b":{"0":[0,54]},"_coverageSchema":"43e27e138ebf9cfc5966b082cf9a028302ed4184","hash":"c67439ae49ae47381d702005b0de7de0e9cda33b"}
,"/Users/sammy/Documents/Medy/Medy/src/UI/Shared/Accordion/accordion.tsx": {"path":"/Users/sammy/Documents/Medy/Medy/src/UI/Shared/Accordion/accordion.tsx","statementMap":{"0":{"start":{"line":12,"column":2},"end":{"line":12,"column":28}},"1":{"start":{"line":17,"column":4},"end":{"line":29,"column":7}},"2":{"start":{"line":18,"column":6},"end":{"line":28,"column":8}},"3":{"start":{"line":33,"column":4},"end":{"line":37,"column":6}}},"fnMap":{"0":{"name":"accordionSectionClick","decl":{"start":{"line":11,"column":9},"end":{"line":11,"column":30}},"loc":{"start":{"line":11,"column":58},"end":{"line":13,"column":1}},"line":11},"1":{"name":"(anonymous_1)","decl":{"start":{"line":16,"column":2},"end":{"line":16,"column":3}},"loc":{"start":{"line":16,"column":40},"end":{"line":30,"column":3}},"line":16},"2":{"name":"(anonymous_2)","decl":{"start":{"line":17,"column":20},"end":{"line":17,"column":21}},"loc":{"start":{"line":17,"column":31},"end":{"line":29,"column":5}},"line":17},"3":{"name":"(anonymous_3)","decl":{"start":{"line":32,"column":2},"end":{"line":32,"column":3}},"loc":{"start":{"line":32,"column":11},"end":{"line":38,"column":3}},"line":32}},"branchMap":{},"s":{"0":0,"1":15,"2":54,"3":15},"f":{"0":0,"1":15,"2":54,"3":15},"b":{},"_coverageSchema":"43e27e138ebf9cfc5966b082cf9a028302ed4184","hash":"227cea567b851eeed8b848e08ecd185cd56bda69"}
}
