TN:
SF:/Users/sammy/Documents/Medy/Medy/src/UI/Screens/EmployerAccountScreen.tsx
FN:8,(anonymous_0)
FNF:1
FNH:1
FNDA:3,(anonymous_0)
DA:9,3
LF:1
LH:1
BRF:0
BRH:0
end_of_record
TN:
SF:/Users/sammy/Documents/Medy/Medy/src/UI/Screens/EmployerCalenderScreen.tsx
FN:6,(anonymous_0)
FNF:1
FNH:1
FNDA:3,(anonymous_0)
DA:7,3
LF:1
LH:1
BRF:0
BRH:0
end_of_record
TN:
SF:/Users/sammy/Documents/Medy/Medy/src/UI/Screens/EmployerFinderScreen.tsx
FN:7,(anonymous_0)
FNF:1
FNH:1
FNDA:2,(anonymous_0)
DA:8,2
LF:1
LH:1
BRF:0
BRH:0
end_of_record
TN:
SF:/Users/sammy/Documents/Medy/Medy/src/UI/Screens/EmployerHelpScreen.tsx
FN:6,(anonymous_0)
FNF:1
FNH:1
FNDA:3,(anonymous_0)
DA:7,3
LF:1
LH:1
BRF:0
BRH:0
end_of_record
TN:
SF:/Users/sammy/Documents/Medy/Medy/src/UI/Screens/EmployerHistoryScreen.tsx
FN:8,(anonymous_0)
FNF:1
FNH:1
FNDA:3,(anonymous_0)
DA:9,3
LF:1
LH:1
BRF:0
BRH:0
end_of_record
TN:
SF:/Users/sammy/Documents/Medy/Medy/src/UI/Screens/EmployerMoreScreen.tsx
FN:6,(anonymous_0)
FNF:1
FNH:1
FNDA:3,(anonymous_0)
DA:7,3
LF:1
LH:1
BRF:0
BRH:0
end_of_record
TN:
SF:/Users/sammy/Documents/Medy/Medy/src/UI/Screens/EmployerPostingsScreen.tsx
FN:6,(anonymous_0)
FNF:1
FNH:1
FNDA:3,(anonymous_0)
DA:7,3
LF:1
LH:1
BRF:0
BRH:0
end_of_record
TN:
SF:/Users/sammy/Documents/Medy/Medy/src/UI/Screens/EmployerProfileScreen.tsx
FN:8,(anonymous_0)
FNF:1
FNH:1
FNDA:3,(anonymous_0)
DA:9,3
LF:1
LH:1
BRF:0
BRH:0
end_of_record
TN:
SF:/Users/sammy/Documents/Medy/Medy/src/UI/Screens/EmployerSettingsScreen.tsx
FN:8,(anonymous_0)
FNF:1
FNH:1
FNDA:3,(anonymous_0)
DA:9,3
LF:1
LH:1
BRF:0
BRH:0
end_of_record
TN:
SF:/Users/sammy/Documents/Medy/Medy/src/UI/Shared/Card.tsx
FN:13,(anonymous_0)
FNF:1
FNH:1
FNDA:30,(anonymous_0)
DA:14,30
LF:1
LH:1
BRF:0
BRH:0
end_of_record
TN:
SF:/Users/sammy/Documents/Medy/Medy/src/UI/Shared/horizontal-scroll.tsx
FN:12,(anonymous_0)
FN:13,(anonymous_1)
FN:24,(anonymous_2)
FNF:3
FNH:3
FNDA:5,(anonymous_0)
FNDA:25,(anonymous_1)
FNDA:5,(anonymous_2)
DA:13,5
DA:14,25
DA:25,5
LF:3
LH:3
BRF:0
BRH:0
end_of_record
TN:
SF:/Users/sammy/Documents/Medy/Medy/src/UI/Shared/styles.ts
FNF:0
FNH:0
DA:3,11
DA:4,11
DA:6,11
DA:12,11
DA:17,11
DA:23,11
DA:32,11
DA:43,11
DA:57,11
DA:69,11
DA:81,11
DA:86,11
DA:95,11
DA:99,11
DA:104,11
LF:15
LH:15
BRF:0
BRH:0
end_of_record
TN:
SF:/Users/sammy/Documents/Medy/Medy/src/UI/Shared/Accordion/accordion-schemas.tsx
FNF:0
FNH:0
DA:26,4
DA:32,4
DA:37,4
DA:43,4
LF:4
LH:4
BRF:0
BRH:0
end_of_record
TN:
SF:/Users/sammy/Documents/Medy/Medy/src/UI/Shared/Accordion/accordion-section.tsx
FN:19,(anonymous_0)
FN:26,(anonymous_1)
FN:26,(anonymous_2)
FN:32,(anonymous_3)
FNF:4
FNH:3
FNDA:39,(anonymous_0)
FNDA:39,(anonymous_1)
FNDA:0,(anonymous_2)
FNDA:39,(anonymous_3)
DA:20,39
DA:21,39
DA:26,39
DA:27,0
DA:33,39
LF:5
LH:4
BRDA:38,0,0,0
BRDA:38,0,1,39
BRF:2
BRH:1
end_of_record
TN:
SF:/Users/sammy/Documents/Medy/Medy/src/UI/Shared/Accordion/accordion.tsx
FN:11,accordianSectionClick
FN:16,(anonymous_1)
FN:17,(anonymous_2)
FN:32,(anonymous_3)
FNF:4
FNH:3
FNDA:0,accordianSectionClick
FNDA:12,(anonymous_1)
FNDA:39,(anonymous_2)
FNDA:12,(anonymous_3)
DA:12,0
DA:17,12
DA:18,39
DA:33,12
LF:4
LH:3
BRF:0
BRH:0
end_of_record
