TN:
SF:/Users/zakirefai/Desktop/Medy/Medy/src/UI/Screens/EmployerAccountScreen.tsx
FN:8,(anonymous_0)
FNF:1
FNH:1
FNDA:3,(anonymous_0)
DA:9,3
LF:1
LH:1
BRF:0
BRH:0
end_of_record
TN:
SF:/Users/zakirefai/Desktop/Medy/Medy/src/UI/Screens/EmployerCalenderScreen.tsx
FN:6,(anonymous_0)
FNF:1
FNH:1
FNDA:3,(anonymous_0)
DA:7,3
LF:1
LH:1
BRF:0
BRH:0
end_of_record
TN:
SF:/Users/zakirefai/Desktop/Medy/Medy/src/UI/Screens/EmployerFinderSandwichScreen.tsx
FN:7,(anonymous_0)
FNF:1
FNH:1
FNDA:2,(anonymous_0)
DA:8,2
LF:1
LH:1
BRF:0
BRH:0
end_of_record
TN:
SF:/Users/zakirefai/Desktop/Medy/Medy/src/UI/Screens/EmployerFinderScreen.tsx
FN:7,(anonymous_0)
FNF:1
FNH:1
FNDA:2,(anonymous_0)
DA:8,2
LF:1
LH:1
BRF:0
BRH:0
end_of_record
TN:
SF:/Users/zakirefai/Desktop/Medy/Medy/src/UI/Screens/EmployerHelpScreen.tsx
FN:6,(anonymous_0)
FNF:1
FNH:1
FNDA:3,(anonymous_0)
DA:7,3
LF:1
LH:1
BRF:0
BRH:0
end_of_record
TN:
SF:/Users/zakirefai/Desktop/Medy/Medy/src/UI/Screens/EmployerHistoryScreen.tsx
FN:8,(anonymous_0)
FNF:1
FNH:1
FNDA:3,(anonymous_0)
DA:9,3
LF:1
LH:1
BRF:0
BRH:0
end_of_record
TN:
SF:/Users/zakirefai/Desktop/Medy/Medy/src/UI/Screens/EmployerHomeScreen.tsx
FN:7,(anonymous_0)
FNF:1
FNH:1
FNDA:2,(anonymous_0)
DA:8,2
LF:1
LH:1
BRF:0
BRH:0
end_of_record
TN:
SF:/Users/zakirefai/Desktop/Medy/Medy/src/UI/Screens/EmployerMoreScreen.tsx
FN:6,(anonymous_0)
FNF:1
FNH:1
FNDA:3,(anonymous_0)
DA:7,3
LF:1
LH:1
BRF:0
BRH:0
end_of_record
TN:
SF:/Users/zakirefai/Desktop/Medy/Medy/src/UI/Screens/EmployerPostingsScreen.tsx
FN:6,(anonymous_0)
FNF:1
FNH:1
FNDA:3,(anonymous_0)
DA:7,3
LF:1
LH:1
BRF:0
BRH:0
end_of_record
TN:
SF:/Users/zakirefai/Desktop/Medy/Medy/src/UI/Screens/EmployerProfileScreen.tsx
FN:8,(anonymous_0)
FNF:1
FNH:1
FNDA:3,(anonymous_0)
DA:9,3
LF:1
LH:1
BRF:0
BRH:0
end_of_record
TN:
SF:/Users/zakirefai/Desktop/Medy/Medy/src/UI/Screens/EmployerSettingsScreen.tsx
FN:8,(anonymous_0)
FNF:1
FNH:1
FNDA:3,(anonymous_0)
DA:9,3
LF:1
LH:1
BRF:0
BRH:0
end_of_record
TN:
SF:/Users/sammy/Documents/Medy/Medy/src/UI/Shared/card.tsx
FN:13,(anonymous_0)
FNF:1
FNH:1
FNDA:63,(anonymous_0)
DA:14,63
LF:1
LH:1
BRF:0
BRH:0
end_of_record
TN:
SF:/Users/zakirefai/Desktop/Medy/Medy/src/UI/Shared/horizontal-scroll.tsx
FN:12,(anonymous_0)
FN:13,(anonymous_1)
FN:24,(anonymous_2)
FNF:3
FNH:3
FNDA:5,(anonymous_0)
FNDA:25,(anonymous_1)
FNDA:5,(anonymous_2)
DA:13,5
DA:14,25
DA:25,5
LF:3
LH:3
BRF:0
BRH:0
end_of_record
TN:
SF:/Users/zakirefai/Desktop/Medy/Medy/src/UI/Shared/styles.ts
FNF:0
FNH:0
DA:3,15
DA:4,15
DA:6,15
DA:12,15
DA:17,15
DA:23,15
DA:32,15
DA:43,15
DA:57,15
DA:69,15
DA:81,15
DA:86,15
DA:95,15
DA:99,15
DA:104,15
LF:15
LH:15
BRF:0
BRH:0
end_of_record
TN:
SF:/Users/zakirefai/Desktop/Medy/Medy/src/UI/Shared/vertical-scroll.tsx
FN:13,(anonymous_0)
FN:14,(anonymous_1)
FN:25,(anonymous_2)
FNF:3
FNH:3
FNDA:7,(anonymous_0)
FNDA:33,(anonymous_1)
FNDA:7,(anonymous_2)
DA:14,7
DA:15,33
DA:26,7
LF:3
LH:3
BRF:0
BRH:0
end_of_record
TN:
SF:/Users/zakirefai/Desktop/Medy/Medy/src/UI/Shared/Accordion/accordion-schemas.ts
FNF:0
FNH:0
DA:26,4
DA:32,4
DA:37,4
DA:43,4
LF:4
LH:4
BRF:0
BRH:0
end_of_record
TN:
SF:/Users/zakirefai/Desktop/Medy/Medy/src/UI/Shared/Accordion/accordion-section.tsx
FN:29,(anonymous_0)
FN:36,(anonymous_1)
FN:36,(anonymous_2)
FN:42,(anonymous_3)
FNF:4
FNH:3
FNDA:54,(anonymous_0)
FNDA:54,(anonymous_1)
FNDA:0,(anonymous_2)
FNDA:54,(anonymous_3)
DA:30,54
DA:31,54
DA:36,54
DA:37,0
DA:43,54
LF:5
LH:4
BRDA:50,0,0,0
BRDA:50,0,1,54
BRF:2
BRH:1
end_of_record
TN:
SF:/Users/zakirefai/Desktop/Medy/Medy/src/UI/Shared/Accordion/accordion.tsx
FN:11,accordionSectionClick
FN:16,(anonymous_1)
FN:17,(anonymous_2)
FN:32,(anonymous_3)
FNF:4
FNH:3
FNDA:0,accordionSectionClick
FNDA:15,(anonymous_1)
FNDA:54,(anonymous_2)
FNDA:15,(anonymous_3)
DA:12,0
DA:17,15
DA:18,54
DA:33,15
LF:4
LH:3
BRF:0
BRH:0
end_of_record
